==19== NVPROF is profiling process 19, command: python3 /gnns/pyGAT/test.py --pkl_file trained-model.pkl
==19== Warning: Profiling results might be incorrect with current version of nvcc compiler used to compile cuda app. Compile with nvcc compiler 9.0 or later version to get correct profiling results. Ignore this warning if code is already compiled with the recommended nvcc version 
==19== Some kernel(s) will be replayed on device 0 in order to collect all events/metrics.
==19== Profiling application: python3 /gnns/pyGAT/test.py --pkl_file trained-model.pkl
==19== Profiling result:
==19== Metric result:
"Device","Kernel","Invocations","Metric Name","Metric Description","Min","Max","Avg"
"GeForce GTX 1080 Ti (0)","_ZN2at6native24index_elementwise_kernelILi128ELi4EZNS0_16gpu_index_kernelIZNS0_17index_kernel_implINS0_10OpaqueTypeILi4EEEEEvRNS_14TensorIteratorEN3c108ArrayRefIlEESA_EUlPcSB_lE_EEvS7_SA_SA_RKT_EUliE_EEviT1_",2,"dram_read_transactions","Device Memory Read Transactions",828,1049,938
"GeForce GTX 1080 Ti (0)","_ZN2at6native24index_elementwise_kernelILi128ELi4EZNS0_16gpu_index_kernelIZNS0_17index_kernel_implINS0_10OpaqueTypeILi4EEEEEvRNS_14TensorIteratorEN3c108ArrayRefIlEESA_EUlPcSB_lE_EEvS7_SA_SA_RKT_EUliE_EEviT1_",2,"dram_write_transactions","Device Memory Write Transactions",0,2019,1009
"GeForce GTX 1080 Ti (0)","_ZN2at6native24index_elementwise_kernelILi128ELi4EZNS0_16gpu_index_kernelIZNS0_17index_kernel_implINS0_10OpaqueTypeILi4EEEEEvRNS_14TensorIteratorEN3c108ArrayRefIlEESA_EUlPcSB_lE_EEvS7_SA_SA_RKT_EUliE_EEviT1_",2,"flop_count_dp","Floating Point Operations(Double Precision)",0,0,0
"GeForce GTX 1080 Ti (0)","_ZN2at6native24index_elementwise_kernelILi128ELi4EZNS0_16gpu_index_kernelIZNS0_17index_kernel_implINS0_10OpaqueTypeILi4EEEEEvRNS_14TensorIteratorEN3c108ArrayRefIlEESA_EUlPcSB_lE_EEvS7_SA_SA_RKT_EUliE_EEviT1_",2,"flop_count_sp","Floating Point Operations(Single Precision)",0,0,0
"GeForce GTX 1080 Ti (0)","_ZN2at6native24index_elementwise_kernelILi128ELi4EZNS0_16gpu_index_kernelIZNS0_17index_kernel_implINS0_10OpaqueTypeILi4EEEEEvRNS_14TensorIteratorEN3c108ArrayRefIlEESA_EUlPcSB_lE_EEvS7_SA_SA_RKT_EUliE_EEviT1_",2,"flop_count_hp","Floating Point Operations(Half Precision)",0,0,0
"GeForce GTX 1080 Ti (0)","_ZN2at6native24index_elementwise_kernelILi128ELi4EZNS0_16gpu_index_kernelIZNS0_17index_kernel_implINS0_10OpaqueTypeILi8EEEEEvRNS_14TensorIteratorEN3c108ArrayRefIlEESA_EUlPcSB_lE_EEvS7_SA_SA_RKT_EUliE_EEviT1_",2,"dram_read_transactions","Device Memory Read Transactions",586,726,656
"GeForce GTX 1080 Ti (0)","_ZN2at6native24index_elementwise_kernelILi128ELi4EZNS0_16gpu_index_kernelIZNS0_17index_kernel_implINS0_10OpaqueTypeILi8EEEEEvRNS_14TensorIteratorEN3c108ArrayRefIlEESA_EUlPcSB_lE_EEvS7_SA_SA_RKT_EUliE_EEviT1_",2,"dram_write_transactions","Device Memory Write Transactions",0,958,479
"GeForce GTX 1080 Ti (0)","_ZN2at6native24index_elementwise_kernelILi128ELi4EZNS0_16gpu_index_kernelIZNS0_17index_kernel_implINS0_10OpaqueTypeILi8EEEEEvRNS_14TensorIteratorEN3c108ArrayRefIlEESA_EUlPcSB_lE_EEvS7_SA_SA_RKT_EUliE_EEviT1_",2,"flop_count_dp","Floating Point Operations(Double Precision)",0,0,0
"GeForce GTX 1080 Ti (0)","_ZN2at6native24index_elementwise_kernelILi128ELi4EZNS0_16gpu_index_kernelIZNS0_17index_kernel_implINS0_10OpaqueTypeILi8EEEEEvRNS_14TensorIteratorEN3c108ArrayRefIlEESA_EUlPcSB_lE_EEvS7_SA_SA_RKT_EUliE_EEviT1_",2,"flop_count_sp","Floating Point Operations(Single Precision)",0,0,0
"GeForce GTX 1080 Ti (0)","_ZN2at6native24index_elementwise_kernelILi128ELi4EZNS0_16gpu_index_kernelIZNS0_17index_kernel_implINS0_10OpaqueTypeILi8EEEEEvRNS_14TensorIteratorEN3c108ArrayRefIlEESA_EUlPcSB_lE_EEvS7_SA_SA_RKT_EUliE_EEviT1_",2,"flop_count_hp","Floating Point Operations(Half Precision)",0,0,0
"GeForce GTX 1080 Ti (0)","void at::native::_GLOBAL__N__55_tmpxft_0000417d_00000000_11_Indexing_compute_75_cpp1_ii_09181334::indexSelectLargeIndex<float, long, unsigned int, int=2, int=2, int=-2, bool=1>(at::cuda::detail::TensorInfo<float, unsigned int>, unsigned int, at::cuda::detail<long, float>, int, int, float, float, long)",9,"dram_read_transactions","Device Memory Read Transactions",1836091,1865112,1839352
"GeForce GTX 1080 Ti (0)","void at::native::_GLOBAL__N__55_tmpxft_0000417d_00000000_11_Indexing_compute_75_cpp1_ii_09181334::indexSelectLargeIndex<float, long, unsigned int, int=2, int=2, int=-2, bool=1>(at::cuda::detail::TensorInfo<float, unsigned int>, unsigned int, at::cuda::detail<long, float>, int, int, float, float, long)",9,"dram_write_transactions","Device Memory Write Transactions",6412662,9995702,7517118
"GeForce GTX 1080 Ti (0)","void at::native::_GLOBAL__N__55_tmpxft_0000417d_00000000_11_Indexing_compute_75_cpp1_ii_09181334::indexSelectLargeIndex<float, long, unsigned int, int=2, int=2, int=-2, bool=1>(at::cuda::detail::TensorInfo<float, unsigned int>, unsigned int, at::cuda::detail<long, float>, int, int, float, float, long)",9,"flop_count_dp","Floating Point Operations(Double Precision)",0,0,0
"GeForce GTX 1080 Ti (0)","void at::native::_GLOBAL__N__55_tmpxft_0000417d_00000000_11_Indexing_compute_75_cpp1_ii_09181334::indexSelectLargeIndex<float, long, unsigned int, int=2, int=2, int=-2, bool=1>(at::cuda::detail::TensorInfo<float, unsigned int>, unsigned int, at::cuda::detail<long, float>, int, int, float, float, long)",9,"flop_count_sp","Floating Point Operations(Single Precision)",0,0,0
"GeForce GTX 1080 Ti (0)","void at::native::_GLOBAL__N__55_tmpxft_0000417d_00000000_11_Indexing_compute_75_cpp1_ii_09181334::indexSelectLargeIndex<float, long, unsigned int, int=2, int=2, int=-2, bool=1>(at::cuda::detail::TensorInfo<float, unsigned int>, unsigned int, at::cuda::detail<long, float>, int, int, float, float, long)",9,"flop_count_hp","Floating Point Operations(Half Precision)",0,0,0
"GeForce GTX 1080 Ti (0)","_ZN2at6native27unrolled_elementwise_kernelIZZZNS0_21copy_device_to_deviceERNS_14TensorIteratorEbENKUlvE0_clEvENKUlvE6_clEvEUlfE_NS_6detail5ArrayIPcLi2EEE16OffsetCalculatorILi1EjESC_NS0_6memory15LoadWithoutCastENSD_16StoreWithoutCastEEEviT_T0_T1_T2_T3_T4_",9,"dram_read_transactions","Device Memory Read Transactions",1854,4394,3997
"GeForce GTX 1080 Ti (0)","_ZN2at6native27unrolled_elementwise_kernelIZZZNS0_21copy_device_to_deviceERNS_14TensorIteratorEbENKUlvE0_clEvENKUlvE6_clEvEUlfE_NS_6detail5ArrayIPcLi2EEE16OffsetCalculatorILi1EjESC_NS0_6memory15LoadWithoutCastENSD_16StoreWithoutCastEEEviT_T0_T1_T2_T3_T4_",9,"dram_write_transactions","Device Memory Write Transactions",6410808,7327988,7218886
"GeForce GTX 1080 Ti (0)","_ZN2at6native27unrolled_elementwise_kernelIZZZNS0_21copy_device_to_deviceERNS_14TensorIteratorEbENKUlvE0_clEvENKUlvE6_clEvEUlfE_NS_6detail5ArrayIPcLi2EEE16OffsetCalculatorILi1EjESC_NS0_6memory15LoadWithoutCastENSD_16StoreWithoutCastEEEviT_T0_T1_T2_T3_T4_",9,"flop_count_dp","Floating Point Operations(Double Precision)",0,0,0
"GeForce GTX 1080 Ti (0)","_ZN2at6native27unrolled_elementwise_kernelIZZZNS0_21copy_device_to_deviceERNS_14TensorIteratorEbENKUlvE0_clEvENKUlvE6_clEvEUlfE_NS_6detail5ArrayIPcLi2EEE16OffsetCalculatorILi1EjESC_NS0_6memory15LoadWithoutCastENSD_16StoreWithoutCastEEEviT_T0_T1_T2_T3_T4_",9,"flop_count_sp","Floating Point Operations(Single Precision)",0,0,0
"GeForce GTX 1080 Ti (0)","_ZN2at6native27unrolled_elementwise_kernelIZZZNS0_21copy_device_to_deviceERNS_14TensorIteratorEbENKUlvE0_clEvENKUlvE6_clEvEUlfE_NS_6detail5ArrayIPcLi2EEE16OffsetCalculatorILi1EjESC_NS0_6memory15LoadWithoutCastENSD_16StoreWithoutCastEEEviT_T0_T1_T2_T3_T4_",9,"flop_count_hp","Floating Point Operations(Half Precision)",0,0,0
"GeForce GTX 1080 Ti (0)","sgemm_32x32x32_NN_vec",8,"dram_read_transactions","Device Memory Read Transactions",923224,923308,923276
"GeForce GTX 1080 Ti (0)","sgemm_32x32x32_NN_vec",8,"dram_write_transactions","Device Memory Write Transactions",35252,38721,36888
"GeForce GTX 1080 Ti (0)","sgemm_32x32x32_NN_vec",8,"flop_count_dp","Floating Point Operations(Double Precision)",0,0,0
"GeForce GTX 1080 Ti (0)","sgemm_32x32x32_NN_vec",8,"flop_count_sp","Floating Point Operations(Single Precision)",475009920,475009920,475009920
"GeForce GTX 1080 Ti (0)","sgemm_32x32x32_NN_vec",8,"flop_count_hp","Floating Point Operations(Half Precision)",0,0,0
"GeForce GTX 1080 Ti (0)","void cub::DeviceScanKernel<cub::AgentScanPolicy<int=128, int=15, long, cub::BlockLoadAlgorithm, cub::CacheLoadModifier, cub::BlockStoreAlgorithm, cub::BlockScanAlgorithm, cub::MemBoundScaling<int=128, int=15, long>>, long*, long*, cub::ScanTileState<long, bool=1>, std::plus<long>, cub::NullType, int>(int=15, long, cub::BlockLoadAlgorithm, int, cub::CacheLoadModifier, cub::BlockStoreAlgorithm, cub::BlockScanAlgorithm)",9,"dram_read_transactions","Device Memory Read Transactions",1004,1041,1025
"GeForce GTX 1080 Ti (0)","void cub::DeviceScanKernel<cub::AgentScanPolicy<int=128, int=15, long, cub::BlockLoadAlgorithm, cub::CacheLoadModifier, cub::BlockStoreAlgorithm, cub::BlockScanAlgorithm, cub::MemBoundScaling<int=128, int=15, long>>, long*, long*, cub::ScanTileState<long, bool=1>, std::plus<long>, cub::NullType, int>(int=15, long, cub::BlockLoadAlgorithm, int, cub::CacheLoadModifier, cub::BlockStoreAlgorithm, cub::BlockScanAlgorithm)",9,"dram_write_transactions","Device Memory Write Transactions",0,1154,530
"GeForce GTX 1080 Ti (0)","void cub::DeviceScanKernel<cub::AgentScanPolicy<int=128, int=15, long, cub::BlockLoadAlgorithm, cub::CacheLoadModifier, cub::BlockStoreAlgorithm, cub::BlockScanAlgorithm, cub::MemBoundScaling<int=128, int=15, long>>, long*, long*, cub::ScanTileState<long, bool=1>, std::plus<long>, cub::NullType, int>(int=15, long, cub::BlockLoadAlgorithm, int, cub::CacheLoadModifier, cub::BlockStoreAlgorithm, cub::BlockScanAlgorithm)",9,"flop_count_dp","Floating Point Operations(Double Precision)",0,0,0
"GeForce GTX 1080 Ti (0)","void cub::DeviceScanKernel<cub::AgentScanPolicy<int=128, int=15, long, cub::BlockLoadAlgorithm, cub::CacheLoadModifier, cub::BlockStoreAlgorithm, cub::BlockScanAlgorithm, cub::MemBoundScaling<int=128, int=15, long>>, long*, long*, cub::ScanTileState<long, bool=1>, std::plus<long>, cub::NullType, int>(int=15, long, cub::BlockLoadAlgorithm, int, cub::CacheLoadModifier, cub::BlockStoreAlgorithm, cub::BlockScanAlgorithm)",9,"flop_count_sp","Floating Point Operations(Single Precision)",0,0,0
"GeForce GTX 1080 Ti (0)","void cub::DeviceScanKernel<cub::AgentScanPolicy<int=128, int=15, long, cub::BlockLoadAlgorithm, cub::CacheLoadModifier, cub::BlockStoreAlgorithm, cub::BlockScanAlgorithm, cub::MemBoundScaling<int=128, int=15, long>>, long*, long*, cub::ScanTileState<long, bool=1>, std::plus<long>, cub::NullType, int>(int=15, long, cub::BlockLoadAlgorithm, int, cub::CacheLoadModifier, cub::BlockStoreAlgorithm, cub::BlockScanAlgorithm)",9,"flop_count_hp","Floating Point Operations(Half Precision)",0,0,0
"GeForce GTX 1080 Ti (0)","_ZN2at6native27unrolled_elementwise_kernelIZZZNS0_21copy_device_to_deviceERNS_14TensorIteratorEbENKUlvE0_clEvENKUlvE10_clEvEUllE_NS_6detail5ArrayIPcLi2EEE16OffsetCalculatorILi1EjESC_NS0_6memory15LoadWithoutCastENSD_16StoreWithoutCastEEEviT_T0_T1_T2_T3_T4_",18,"dram_read_transactions","Device Memory Read Transactions",238,251,245
"GeForce GTX 1080 Ti (0)","_ZN2at6native27unrolled_elementwise_kernelIZZZNS0_21copy_device_to_deviceERNS_14TensorIteratorEbENKUlvE0_clEvENKUlvE10_clEvEUllE_NS_6detail5ArrayIPcLi2EEE16OffsetCalculatorILi1EjESC_NS0_6memory15LoadWithoutCastENSD_16StoreWithoutCastEEEviT_T0_T1_T2_T3_T4_",18,"dram_write_transactions","Device Memory Write Transactions",0,918,443
"GeForce GTX 1080 Ti (0)","_ZN2at6native27unrolled_elementwise_kernelIZZZNS0_21copy_device_to_deviceERNS_14TensorIteratorEbENKUlvE0_clEvENKUlvE10_clEvEUllE_NS_6detail5ArrayIPcLi2EEE16OffsetCalculatorILi1EjESC_NS0_6memory15LoadWithoutCastENSD_16StoreWithoutCastEEEviT_T0_T1_T2_T3_T4_",18,"flop_count_dp","Floating Point Operations(Double Precision)",0,0,0
"GeForce GTX 1080 Ti (0)","_ZN2at6native27unrolled_elementwise_kernelIZZZNS0_21copy_device_to_deviceERNS_14TensorIteratorEbENKUlvE0_clEvENKUlvE10_clEvEUllE_NS_6detail5ArrayIPcLi2EEE16OffsetCalculatorILi1EjESC_NS0_6memory15LoadWithoutCastENSD_16StoreWithoutCastEEEviT_T0_T1_T2_T3_T4_",18,"flop_count_sp","Floating Point Operations(Single Precision)",0,0,0
"GeForce GTX 1080 Ti (0)","_ZN2at6native27unrolled_elementwise_kernelIZZZNS0_21copy_device_to_deviceERNS_14TensorIteratorEbENKUlvE0_clEvENKUlvE10_clEvEUllE_NS_6detail5ArrayIPcLi2EEE16OffsetCalculatorILi1EjESC_NS0_6memory15LoadWithoutCastENSD_16StoreWithoutCastEEEviT_T0_T1_T2_T3_T4_",18,"flop_count_hp","Floating Point Operations(Half Precision)",0,0,0
"GeForce GTX 1080 Ti (0)","void at::native::_GLOBAL__N__54_tmpxft_00004a91_00000000_11_SoftMax_compute_75_cpp1_ii_a3310042::cunn_SoftMaxForward<int=4, float, float, float, at::native::_GLOBAL__N__54_tmpxft_00004a91_00000000_11_SoftMax_compute_75_cpp1_ii_a3310042::SoftMaxForwardEpilogue>(float*, float*, int)",9,"dram_read_transactions","Device Memory Read Transactions",917182,917525,917362
"GeForce GTX 1080 Ti (0)","void at::native::_GLOBAL__N__54_tmpxft_00004a91_00000000_11_SoftMax_compute_75_cpp1_ii_a3310042::cunn_SoftMaxForward<int=4, float, float, float, at::native::_GLOBAL__N__54_tmpxft_00004a91_00000000_11_SoftMax_compute_75_cpp1_ii_a3310042::SoftMaxForwardEpilogue>(float*, float*, int)",9,"dram_write_transactions","Device Memory Write Transactions",885146,914528,909602
"GeForce GTX 1080 Ti (0)","void at::native::_GLOBAL__N__54_tmpxft_00004a91_00000000_11_SoftMax_compute_75_cpp1_ii_a3310042::cunn_SoftMaxForward<int=4, float, float, float, at::native::_GLOBAL__N__54_tmpxft_00004a91_00000000_11_SoftMax_compute_75_cpp1_ii_a3310042::SoftMaxForwardEpilogue>(float*, float*, int)",9,"flop_count_dp","Floating Point Operations(Double Precision)",0,0,0
"GeForce GTX 1080 Ti (0)","void at::native::_GLOBAL__N__54_tmpxft_00004a91_00000000_11_SoftMax_compute_75_cpp1_ii_a3310042::cunn_SoftMaxForward<int=4, float, float, float, at::native::_GLOBAL__N__54_tmpxft_00004a91_00000000_11_SoftMax_compute_75_cpp1_ii_a3310042::SoftMaxForwardEpilogue>(float*, float*, int)",9,"flop_count_sp","Floating Point Operations(Single Precision)",170240800,170240800,170240800
"GeForce GTX 1080 Ti (0)","void at::native::_GLOBAL__N__54_tmpxft_00004a91_00000000_11_SoftMax_compute_75_cpp1_ii_a3310042::cunn_SoftMaxForward<int=4, float, float, float, at::native::_GLOBAL__N__54_tmpxft_00004a91_00000000_11_SoftMax_compute_75_cpp1_ii_a3310042::SoftMaxForwardEpilogue>(float*, float*, int)",9,"flop_count_hp","Floating Point Operations(Half Precision)",0,0,0
"GeForce GTX 1080 Ti (0)","_ZN2at6native29vectorized_elementwise_kernelILi4EZZZNS0_10elu_kernelERNS_14TensorIteratorEN3c106ScalarES5_S5_ENKUlvE_clEvENKUlvE2_clEvEUlfE_NS_6detail5ArrayIPcLi2EEEEEviT0_T1_",9,"dram_read_transactions","Device Memory Read Transactions",139,2855,2498
"GeForce GTX 1080 Ti (0)","_ZN2at6native29vectorized_elementwise_kernelILi4EZZZNS0_10elu_kernelERNS_14TensorIteratorEN3c106ScalarES5_S5_ENKUlvE_clEvENKUlvE2_clEvEUlfE_NS_6detail5ArrayIPcLi2EEEEEviT0_T1_",9,"dram_write_transactions","Device Memory Write Transactions",1742,4870,2969
"GeForce GTX 1080 Ti (0)","_ZN2at6native29vectorized_elementwise_kernelILi4EZZZNS0_10elu_kernelERNS_14TensorIteratorEN3c106ScalarES5_S5_ENKUlvE_clEvENKUlvE2_clEvEUlfE_NS_6detail5ArrayIPcLi2EEEEEviT0_T1_",9,"flop_count_dp","Floating Point Operations(Double Precision)",0,0,0
"GeForce GTX 1080 Ti (0)","_ZN2at6native29vectorized_elementwise_kernelILi4EZZZNS0_10elu_kernelERNS_14TensorIteratorEN3c106ScalarES5_S5_ENKUlvE_clEvENKUlvE2_clEvEUlfE_NS_6detail5ArrayIPcLi2EEEEEviT0_T1_",9,"flop_count_sp","Floating Point Operations(Single Precision)",116114,135464,126854
"GeForce GTX 1080 Ti (0)","_ZN2at6native29vectorized_elementwise_kernelILi4EZZZNS0_10elu_kernelERNS_14TensorIteratorEN3c106ScalarES5_S5_ENKUlvE_clEvENKUlvE2_clEvEUlfE_NS_6detail5ArrayIPcLi2EEEEEviT0_T1_",9,"flop_count_hp","Floating Point Operations(Half Precision)",0,0,0
"GeForce GTX 1080 Ti (0)","compute_cuda_kernel(long*, long*, long*, long)",9,"dram_read_transactions","Device Memory Read Transactions",557,1521,1175
"GeForce GTX 1080 Ti (0)","compute_cuda_kernel(long*, long*, long*, long)",9,"dram_write_transactions","Device Memory Write Transactions",1802542,1829939,1824930
"GeForce GTX 1080 Ti (0)","compute_cuda_kernel(long*, long*, long*, long)",9,"flop_count_dp","Floating Point Operations(Double Precision)",0,0,0
"GeForce GTX 1080 Ti (0)","compute_cuda_kernel(long*, long*, long*, long)",9,"flop_count_sp","Floating Point Operations(Single Precision)",0,0,0
"GeForce GTX 1080 Ti (0)","compute_cuda_kernel(long*, long*, long*, long)",9,"flop_count_hp","Floating Point Operations(Half Precision)",0,0,0
"GeForce GTX 1080 Ti (0)","void cub::DeviceScanInitKernel<cub::ScanTileState<long, bool=1>>(long, int)",9,"dram_read_transactions","Device Memory Read Transactions",32,44,39
"GeForce GTX 1080 Ti (0)","void cub::DeviceScanInitKernel<cub::ScanTileState<long, bool=1>>(long, int)",9,"dram_write_transactions","Device Memory Write Transactions",0,65,32
"GeForce GTX 1080 Ti (0)","void cub::DeviceScanInitKernel<cub::ScanTileState<long, bool=1>>(long, int)",9,"flop_count_dp","Floating Point Operations(Double Precision)",0,0,0
"GeForce GTX 1080 Ti (0)","void cub::DeviceScanInitKernel<cub::ScanTileState<long, bool=1>>(long, int)",9,"flop_count_sp","Floating Point Operations(Single Precision)",0,0,0
"GeForce GTX 1080 Ti (0)","void cub::DeviceScanInitKernel<cub::ScanTileState<long, bool=1>>(long, int)",9,"flop_count_hp","Floating Point Operations(Half Precision)",0,0,0
"GeForce GTX 1080 Ti (0)","void at::native::vectorized_elementwise_kernel<int=4, at::native::FillFunctor<float>, at::detail::Array<char*, int=1>>(int, float, at::native::FillFunctor<float>)",9,"dram_read_transactions","Device Memory Read Transactions",48,68,57
"GeForce GTX 1080 Ti (0)","void at::native::vectorized_elementwise_kernel<int=4, at::native::FillFunctor<float>, at::detail::Array<char*, int=1>>(int, float, at::native::FillFunctor<float>)",9,"dram_write_transactions","Device Memory Write Transactions",870952,962886,906808
"GeForce GTX 1080 Ti (0)","void at::native::vectorized_elementwise_kernel<int=4, at::native::FillFunctor<float>, at::detail::Array<char*, int=1>>(int, float, at::native::FillFunctor<float>)",9,"flop_count_dp","Floating Point Operations(Double Precision)",0,0,0
"GeForce GTX 1080 Ti (0)","void at::native::vectorized_elementwise_kernel<int=4, at::native::FillFunctor<float>, at::detail::Array<char*, int=1>>(int, float, at::native::FillFunctor<float>)",9,"flop_count_sp","Floating Point Operations(Single Precision)",0,0,0
"GeForce GTX 1080 Ti (0)","void at::native::vectorized_elementwise_kernel<int=4, at::native::FillFunctor<float>, at::detail::Array<char*, int=1>>(int, float, at::native::FillFunctor<float>)",9,"flop_count_hp","Floating Point Operations(Half Precision)",0,0,0
"GeForce GTX 1080 Ti (0)","void _GLOBAL__N__54_tmpxft_00004a91_00000000_11_SoftMax_compute_75_cpp1_ii_a3310042::softmax_warp_forward<float, float, float, int=3, bool=1>(float*, float const *, int, int, int)",1,"dram_read_transactions","Device Memory Read Transactions",1400,1400,1400
"GeForce GTX 1080 Ti (0)","void _GLOBAL__N__54_tmpxft_00004a91_00000000_11_SoftMax_compute_75_cpp1_ii_a3310042::softmax_warp_forward<float, float, float, int=3, bool=1>(float*, float const *, int, int, int)",1,"dram_write_transactions","Device Memory Write Transactions",5664,5664,5664
"GeForce GTX 1080 Ti (0)","void _GLOBAL__N__54_tmpxft_00004a91_00000000_11_SoftMax_compute_75_cpp1_ii_a3310042::softmax_warp_forward<float, float, float, int=3, bool=1>(float*, float const *, int, int, int)",1,"flop_count_dp","Floating Point Operations(Double Precision)",0,0,0
"GeForce GTX 1080 Ti (0)","void _GLOBAL__N__54_tmpxft_00004a91_00000000_11_SoftMax_compute_75_cpp1_ii_a3310042::softmax_warp_forward<float, float, float, int=3, bool=1>(float*, float const *, int, int, int)",1,"flop_count_sp","Floating Point Operations(Single Precision)",846096,846096,846096
"GeForce GTX 1080 Ti (0)","void _GLOBAL__N__54_tmpxft_00004a91_00000000_11_SoftMax_compute_75_cpp1_ii_a3310042::softmax_warp_forward<float, float, float, int=3, bool=1>(float*, float const *, int, int, int)",1,"flop_count_hp","Floating Point Operations(Half Precision)",0,0,0
"GeForce GTX 1080 Ti (0)","void at::native::reduce_kernel<int=512, int=1, at::native::ReduceOp<float, at::native::MaxOps<float>, unsigned int, float, int=4>>(float)",1,"dram_read_transactions","Device Memory Read Transactions",355,355,355
"GeForce GTX 1080 Ti (0)","void at::native::reduce_kernel<int=512, int=1, at::native::ReduceOp<float, at::native::MaxOps<float>, unsigned int, float, int=4>>(float)",1,"dram_write_transactions","Device Memory Write Transactions",1772,1772,1772
"GeForce GTX 1080 Ti (0)","void at::native::reduce_kernel<int=512, int=1, at::native::ReduceOp<float, at::native::MaxOps<float>, unsigned int, float, int=4>>(float)",1,"flop_count_dp","Floating Point Operations(Double Precision)",0,0,0
"GeForce GTX 1080 Ti (0)","void at::native::reduce_kernel<int=512, int=1, at::native::ReduceOp<float, at::native::MaxOps<float>, unsigned int, float, int=4>>(float)",1,"flop_count_sp","Floating Point Operations(Single Precision)",0,0,0
"GeForce GTX 1080 Ti (0)","void at::native::reduce_kernel<int=512, int=1, at::native::ReduceOp<float, at::native::MaxOps<float>, unsigned int, float, int=4>>(float)",1,"flop_count_hp","Floating Point Operations(Half Precision)",0,0,0
"GeForce GTX 1080 Ti (0)","void at::native::vectorized_elementwise_kernel<int=4, at::native::BUnaryFunctor<at::native::CompareGTFunctor<float>>, at::detail::Array<char*, int=2>>(int, float, at::native::CompareGTFunctor<float>)",9,"dram_read_transactions","Device Memory Read Transactions",916713,916741,916725
"GeForce GTX 1080 Ti (0)","void at::native::vectorized_elementwise_kernel<int=4, at::native::BUnaryFunctor<at::native::CompareGTFunctor<float>>, at::detail::Array<char*, int=2>>(int, float, at::native::CompareGTFunctor<float>)",9,"dram_write_transactions","Device Memory Write Transactions",206576,332973,250056
"GeForce GTX 1080 Ti (0)","void at::native::vectorized_elementwise_kernel<int=4, at::native::BUnaryFunctor<at::native::CompareGTFunctor<float>>, at::detail::Array<char*, int=2>>(int, float, at::native::CompareGTFunctor<float>)",9,"flop_count_dp","Floating Point Operations(Double Precision)",0,0,0
"GeForce GTX 1080 Ti (0)","void at::native::vectorized_elementwise_kernel<int=4, at::native::BUnaryFunctor<at::native::CompareGTFunctor<float>>, at::detail::Array<char*, int=2>>(int, float, at::native::CompareGTFunctor<float>)",9,"flop_count_sp","Floating Point Operations(Single Precision)",0,0,0
"GeForce GTX 1080 Ti (0)","void at::native::vectorized_elementwise_kernel<int=4, at::native::BUnaryFunctor<at::native::CompareGTFunctor<float>>, at::detail::Array<char*, int=2>>(int, float, at::native::CompareGTFunctor<float>)",9,"flop_count_hp","Floating Point Operations(Half Precision)",0,0,0
"GeForce GTX 1080 Ti (0)","void at::native::unrolled_elementwise_kernel<at::native::BUnaryFunctor<at::native::CompareGEFunctor<long>>, at::detail::Array<char*, int=2>, OffsetCalculator<int=1, unsigned int>, OffsetCalculator<int=1, unsigned int>, at::native::memory::LoadWithoutCast, at::native::memory::StoreWithoutCast>(int, long, at::native::CompareGEFunctor<long>, at::native::BUnaryFunctor<at::native::CompareGEFunctor<long>>, char*, int=2, at::detail::Array<char*, int=2>)",9,"dram_read_transactions","Device Memory Read Transactions",230,243,237
"GeForce GTX 1080 Ti (0)","void at::native::unrolled_elementwise_kernel<at::native::BUnaryFunctor<at::native::CompareGEFunctor<long>>, at::detail::Array<char*, int=2>, OffsetCalculator<int=1, unsigned int>, OffsetCalculator<int=1, unsigned int>, at::native::memory::LoadWithoutCast, at::native::memory::StoreWithoutCast>(int, long, at::native::CompareGEFunctor<long>, at::native::BUnaryFunctor<at::native::CompareGEFunctor<long>>, char*, int=2, at::detail::Array<char*, int=2>)",9,"dram_write_transactions","Device Memory Write Transactions",143,443,262
"GeForce GTX 1080 Ti (0)","void at::native::unrolled_elementwise_kernel<at::native::BUnaryFunctor<at::native::CompareGEFunctor<long>>, at::detail::Array<char*, int=2>, OffsetCalculator<int=1, unsigned int>, OffsetCalculator<int=1, unsigned int>, at::native::memory::LoadWithoutCast, at::native::memory::StoreWithoutCast>(int, long, at::native::CompareGEFunctor<long>, at::native::BUnaryFunctor<at::native::CompareGEFunctor<long>>, char*, int=2, at::detail::Array<char*, int=2>)",9,"flop_count_dp","Floating Point Operations(Double Precision)",0,0,0
"GeForce GTX 1080 Ti (0)","void at::native::unrolled_elementwise_kernel<at::native::BUnaryFunctor<at::native::CompareGEFunctor<long>>, at::detail::Array<char*, int=2>, OffsetCalculator<int=1, unsigned int>, OffsetCalculator<int=1, unsigned int>, at::native::memory::LoadWithoutCast, at::native::memory::StoreWithoutCast>(int, long, at::native::CompareGEFunctor<long>, at::native::BUnaryFunctor<at::native::CompareGEFunctor<long>>, char*, int=2, at::detail::Array<char*, int=2>)",9,"flop_count_sp","Floating Point Operations(Single Precision)",0,0,0
"GeForce GTX 1080 Ti (0)","void at::native::unrolled_elementwise_kernel<at::native::BUnaryFunctor<at::native::CompareGEFunctor<long>>, at::detail::Array<char*, int=2>, OffsetCalculator<int=1, unsigned int>, OffsetCalculator<int=1, unsigned int>, at::native::memory::LoadWithoutCast, at::native::memory::StoreWithoutCast>(int, long, at::native::CompareGEFunctor<long>, at::native::BUnaryFunctor<at::native::CompareGEFunctor<long>>, char*, int=2, at::detail::Array<char*, int=2>)",9,"flop_count_hp","Floating Point Operations(Half Precision)",0,0,0
"GeForce GTX 1080 Ti (0)","_ZN2at6native13reduce_kernelILi512ELi1ENS0_8ReduceOpIbNS0_14func_wrapper_tIbZZZNS0_15and_kernel_cudaERNS_14TensorIteratorEENKUlvE_clEvENKUlvE22_clEvEUlbbE_EEjbLi4EEEEEvT1_",9,"dram_read_transactions","Device Memory Read Transactions",192,297,267
"GeForce GTX 1080 Ti (0)","_ZN2at6native13reduce_kernelILi512ELi1ENS0_8ReduceOpIbNS0_14func_wrapper_tIbZZZNS0_15and_kernel_cudaERNS_14TensorIteratorEENKUlvE_clEvENKUlvE22_clEvEUlbbE_EEjbLi4EEEEEvT1_",9,"dram_write_transactions","Device Memory Write Transactions",0,9766,1251
"GeForce GTX 1080 Ti (0)","_ZN2at6native13reduce_kernelILi512ELi1ENS0_8ReduceOpIbNS0_14func_wrapper_tIbZZZNS0_15and_kernel_cudaERNS_14TensorIteratorEENKUlvE_clEvENKUlvE22_clEvEUlbbE_EEjbLi4EEEEEvT1_",9,"flop_count_dp","Floating Point Operations(Double Precision)",0,0,0
"GeForce GTX 1080 Ti (0)","_ZN2at6native13reduce_kernelILi512ELi1ENS0_8ReduceOpIbNS0_14func_wrapper_tIbZZZNS0_15and_kernel_cudaERNS_14TensorIteratorEENKUlvE_clEvENKUlvE22_clEvEUlbbE_EEjbLi4EEEEEvT1_",9,"flop_count_sp","Floating Point Operations(Single Precision)",0,0,0
"GeForce GTX 1080 Ti (0)","_ZN2at6native13reduce_kernelILi512ELi1ENS0_8ReduceOpIbNS0_14func_wrapper_tIbZZZNS0_15and_kernel_cudaERNS_14TensorIteratorEENKUlvE_clEvENKUlvE22_clEvEUlbbE_EEjbLi4EEEEEvT1_",9,"flop_count_hp","Floating Point Operations(Half Precision)",0,0,0
"GeForce GTX 1080 Ti (0)","_ZN2at6native29vectorized_elementwise_kernelILi4EZZZNS0_81_GLOBAL__N__57_tmpxft_00002eea_00000000_11_Activation_compute_75_cpp1_ii_150aa41217leaky_relu_kernelERNS_14TensorIteratorEN3c106ScalarEENKUlvE_clEvENKUlvE2_clEvEUlfE_NS_6detail5ArrayIPcLi2EEEEEviT0_T1_",9,"dram_read_transactions","Device Memory Read Transactions",916713,916925,916742
"GeForce GTX 1080 Ti (0)","_ZN2at6native29vectorized_elementwise_kernelILi4EZZZNS0_81_GLOBAL__N__57_tmpxft_00002eea_00000000_11_Activation_compute_75_cpp1_ii_150aa41217leaky_relu_kernelERNS_14TensorIteratorEN3c106ScalarEENKUlvE_clEvENKUlvE2_clEvEUlfE_NS_6detail5ArrayIPcLi2EEEEEviT0_T1_",9,"dram_write_transactions","Device Memory Write Transactions",907220,912271,909702
"GeForce GTX 1080 Ti (0)","_ZN2at6native29vectorized_elementwise_kernelILi4EZZZNS0_81_GLOBAL__N__57_tmpxft_00002eea_00000000_11_Activation_compute_75_cpp1_ii_150aa41217leaky_relu_kernelERNS_14TensorIteratorEN3c106ScalarEENKUlvE_clEvENKUlvE2_clEvEUlfE_NS_6detail5ArrayIPcLi2EEEEEviT0_T1_",9,"flop_count_dp","Floating Point Operations(Double Precision)",0,0,0
"GeForce GTX 1080 Ti (0)","_ZN2at6native29vectorized_elementwise_kernelILi4EZZZNS0_81_GLOBAL__N__57_tmpxft_00002eea_00000000_11_Activation_compute_75_cpp1_ii_150aa41217leaky_relu_kernelERNS_14TensorIteratorEN3c106ScalarEENKUlvE_clEvENKUlvE2_clEvEUlfE_NS_6detail5ArrayIPcLi2EEEEEviT0_T1_",9,"flop_count_sp","Floating Point Operations(Single Precision)",2494373,5094555,3833204
"GeForce GTX 1080 Ti (0)","_ZN2at6native29vectorized_elementwise_kernelILi4EZZZNS0_81_GLOBAL__N__57_tmpxft_00002eea_00000000_11_Activation_compute_75_cpp1_ii_150aa41217leaky_relu_kernelERNS_14TensorIteratorEN3c106ScalarEENKUlvE_clEvENKUlvE2_clEvEUlfE_NS_6detail5ArrayIPcLi2EEEEEviT0_T1_",9,"flop_count_hp","Floating Point Operations(Half Precision)",0,0,0
"GeForce GTX 1080 Ti (0)","_ZN2at6native27unrolled_elementwise_kernelIZZZNS0_84_GLOBAL__N__60_tmpxft_00004bf3_00000000_11_TensorCompare_compute_75_cpp1_ii_66c31e0217where_kernel_implERNS_14TensorIteratorEN3c1010ScalarTypeEENKUlvE_clEvENKUlvE6_clEvEUlbffE_NS_6detail5ArrayIPcLi4EEE16OffsetCalculatorILi3EjESE_ILi1EjENS0_6memory15LoadWithoutCastENSH_16StoreWithoutCastEEEviT_T0_T1_T2_T3_T4_",9,"dram_read_transactions","Device Memory Read Transactions",2065210,2065258,2065229
"GeForce GTX 1080 Ti (0)","_ZN2at6native27unrolled_elementwise_kernelIZZZNS0_84_GLOBAL__N__60_tmpxft_00004bf3_00000000_11_TensorCompare_compute_75_cpp1_ii_66c31e0217where_kernel_implERNS_14TensorIteratorEN3c1010ScalarTypeEENKUlvE_clEvENKUlvE6_clEvEUlbffE_NS_6detail5ArrayIPcLi4EEE16OffsetCalculatorILi3EjESE_ILi1EjENS0_6memory15LoadWithoutCastENSH_16StoreWithoutCastEEEviT_T0_T1_T2_T3_T4_",9,"dram_write_transactions","Device Memory Write Transactions",884049,922787,912229
"GeForce GTX 1080 Ti (0)","_ZN2at6native27unrolled_elementwise_kernelIZZZNS0_84_GLOBAL__N__60_tmpxft_00004bf3_00000000_11_TensorCompare_compute_75_cpp1_ii_66c31e0217where_kernel_implERNS_14TensorIteratorEN3c1010ScalarTypeEENKUlvE_clEvENKUlvE6_clEvEUlbffE_NS_6detail5ArrayIPcLi4EEE16OffsetCalculatorILi3EjESE_ILi1EjENS0_6memory15LoadWithoutCastENSH_16StoreWithoutCastEEEviT_T0_T1_T2_T3_T4_",9,"flop_count_dp","Floating Point Operations(Double Precision)",0,0,0
"GeForce GTX 1080 Ti (0)","_ZN2at6native27unrolled_elementwise_kernelIZZZNS0_84_GLOBAL__N__60_tmpxft_00004bf3_00000000_11_TensorCompare_compute_75_cpp1_ii_66c31e0217where_kernel_implERNS_14TensorIteratorEN3c1010ScalarTypeEENKUlvE_clEvENKUlvE6_clEvEUlbffE_NS_6detail5ArrayIPcLi4EEE16OffsetCalculatorILi3EjESE_ILi1EjENS0_6memory15LoadWithoutCastENSH_16StoreWithoutCastEEEviT_T0_T1_T2_T3_T4_",9,"flop_count_sp","Floating Point Operations(Single Precision)",0,0,0
"GeForce GTX 1080 Ti (0)","_ZN2at6native27unrolled_elementwise_kernelIZZZNS0_84_GLOBAL__N__60_tmpxft_00004bf3_00000000_11_TensorCompare_compute_75_cpp1_ii_66c31e0217where_kernel_implERNS_14TensorIteratorEN3c1010ScalarTypeEENKUlvE_clEvENKUlvE6_clEvEUlbffE_NS_6detail5ArrayIPcLi4EEE16OffsetCalculatorILi3EjESE_ILi1EjENS0_6memory15LoadWithoutCastENSH_16StoreWithoutCastEEEviT_T0_T1_T2_T3_T4_",9,"flop_count_hp","Floating Point Operations(Half Precision)",0,0,0
"GeForce GTX 1080 Ti (0)","void at::native::vectorized_elementwise_kernel<int=4, at::native::MulScalarFunctor<float, float>, at::detail::Array<char*, int=2>>(int, float, float)",9,"dram_read_transactions","Device Memory Read Transactions",916714,916734,916726
"GeForce GTX 1080 Ti (0)","void at::native::vectorized_elementwise_kernel<int=4, at::native::MulScalarFunctor<float, float>, at::detail::Array<char*, int=2>>(int, float, float)",9,"dram_write_transactions","Device Memory Write Transactions",871376,1080611,938088
"GeForce GTX 1080 Ti (0)","void at::native::vectorized_elementwise_kernel<int=4, at::native::MulScalarFunctor<float, float>, at::detail::Array<char*, int=2>>(int, float, float)",9,"flop_count_dp","Floating Point Operations(Double Precision)",0,0,0
"GeForce GTX 1080 Ti (0)","void at::native::vectorized_elementwise_kernel<int=4, at::native::MulScalarFunctor<float, float>, at::detail::Array<char*, int=2>>(int, float, float)",9,"flop_count_sp","Floating Point Operations(Single Precision)",7333264,7333264,7333264
"GeForce GTX 1080 Ti (0)","void at::native::vectorized_elementwise_kernel<int=4, at::native::MulScalarFunctor<float, float>, at::detail::Array<char*, int=2>>(int, float, float)",9,"flop_count_hp","Floating Point Operations(Half Precision)",0,0,0
"GeForce GTX 1080 Ti (0)","void at::native::vectorized_elementwise_kernel<int=4, at::native::MulScalarFunctor<double, double>, at::detail::Array<char*, int=2>>(int, double, double)",1,"dram_read_transactions","Device Memory Read Transactions",56,56,56
"GeForce GTX 1080 Ti (0)","void at::native::vectorized_elementwise_kernel<int=4, at::native::MulScalarFunctor<double, double>, at::detail::Array<char*, int=2>>(int, double, double)",1,"dram_write_transactions","Device Memory Write Transactions",74,74,74
"GeForce GTX 1080 Ti (0)","void at::native::vectorized_elementwise_kernel<int=4, at::native::MulScalarFunctor<double, double>, at::detail::Array<char*, int=2>>(int, double, double)",1,"flop_count_dp","Floating Point Operations(Double Precision)",1,1,1
"GeForce GTX 1080 Ti (0)","void at::native::vectorized_elementwise_kernel<int=4, at::native::MulScalarFunctor<double, double>, at::detail::Array<char*, int=2>>(int, double, double)",1,"flop_count_sp","Floating Point Operations(Single Precision)",0,0,0
"GeForce GTX 1080 Ti (0)","void at::native::vectorized_elementwise_kernel<int=4, at::native::MulScalarFunctor<double, double>, at::detail::Array<char*, int=2>>(int, double, double)",1,"flop_count_hp","Floating Point Operations(Half Precision)",0,0,0
"GeForce GTX 1080 Ti (0)","sgemm_32x32x32_NN",10,"dram_read_transactions","Device Memory Read Transactions",22014,922758,486710
"GeForce GTX 1080 Ti (0)","sgemm_32x32x32_NN",10,"dram_write_transactions","Device Memory Write Transactions",7453,38789,33766
"GeForce GTX 1080 Ti (0)","sgemm_32x32x32_NN",10,"flop_count_dp","Floating Point Operations(Double Precision)",0,0,0
"GeForce GTX 1080 Ti (0)","sgemm_32x32x32_NN",10,"flop_count_sp","Floating Point Operations(Single Precision)",12653440,475009920,250516352
"GeForce GTX 1080 Ti (0)","sgemm_32x32x32_NN",10,"flop_count_hp","Floating Point Operations(Half Precision)",0,0,0
"GeForce GTX 1080 Ti (0)","void cunn_ClassNLLCriterion_updateOutput_kernel<float, float>(float*, float*, float*, long*, float*, int, int, int, int, long)",1,"dram_read_transactions","Device Memory Read Transactions",275,275,275
"GeForce GTX 1080 Ti (0)","void cunn_ClassNLLCriterion_updateOutput_kernel<float, float>(float*, float*, float*, long*, float*, int, int, int, int, long)",1,"dram_write_transactions","Device Memory Write Transactions",1080,1080,1080
"GeForce GTX 1080 Ti (0)","void cunn_ClassNLLCriterion_updateOutput_kernel<float, float>(float*, float*, float*, long*, float*, int, int, int, int, long)",1,"flop_count_dp","Floating Point Operations(Double Precision)",0,0,0
"GeForce GTX 1080 Ti (0)","void cunn_ClassNLLCriterion_updateOutput_kernel<float, float>(float*, float*, float*, long*, float*, int, int, int, int, long)",1,"flop_count_sp","Floating Point Operations(Single Precision)",3079,3079,3079
"GeForce GTX 1080 Ti (0)","void cunn_ClassNLLCriterion_updateOutput_kernel<float, float>(float*, float*, float*, long*, float*, int, int, int, int, long)",1,"flop_count_hp","Floating Point Operations(Half Precision)",0,0,0
"GeForce GTX 1080 Ti (0)","_ZN2at6native13reduce_kernelILi512ELi1ENS0_8ReduceOpIdNS0_14func_wrapper_tIdZNS0_11sum_functorIdddEclERNS_14TensorIteratorEEUlddE_EEjdLi4EEEEEvT1_",1,"dram_read_transactions","Device Memory Read Transactions",183,183,183
"GeForce GTX 1080 Ti (0)","_ZN2at6native13reduce_kernelILi512ELi1ENS0_8ReduceOpIdNS0_14func_wrapper_tIdZNS0_11sum_functorIdddEclERNS_14TensorIteratorEEUlddE_EEjdLi4EEEEEvT1_",1,"dram_write_transactions","Device Memory Write Transactions",428,428,428
"GeForce GTX 1080 Ti (0)","_ZN2at6native13reduce_kernelILi512ELi1ENS0_8ReduceOpIdNS0_14func_wrapper_tIdZNS0_11sum_functorIdddEclERNS_14TensorIteratorEEUlddE_EEjdLi4EEEEEvT1_",1,"flop_count_dp","Floating Point Operations(Double Precision)",5576,5576,5576
"GeForce GTX 1080 Ti (0)","_ZN2at6native13reduce_kernelILi512ELi1ENS0_8ReduceOpIdNS0_14func_wrapper_tIdZNS0_11sum_functorIdddEclERNS_14TensorIteratorEEUlddE_EEjdLi4EEEEEvT1_",1,"flop_count_sp","Floating Point Operations(Single Precision)",0,0,0
"GeForce GTX 1080 Ti (0)","_ZN2at6native13reduce_kernelILi512ELi1ENS0_8ReduceOpIdNS0_14func_wrapper_tIdZNS0_11sum_functorIdddEclERNS_14TensorIteratorEEUlddE_EEjdLi4EEEEEvT1_",1,"flop_count_hp","Floating Point Operations(Half Precision)",0,0,0
"GeForce GTX 1080 Ti (0)","void gemv2T_kernel_val<int, int, float, float, float, int=128, int=16, int=2, int=2, bool=0, cublasGemvParams<cublasGemvTensor<float const >, cublasGemvTensor<float>, float>>(float const , float, float)",9,"dram_read_transactions","Device Memory Read Transactions",12833540,14666966,14463034
"GeForce GTX 1080 Ti (0)","void gemv2T_kernel_val<int, int, float, float, float, int=128, int=16, int=2, int=2, bool=0, cublasGemvParams<cublasGemvTensor<float const >, cublasGemvTensor<float>, float>>(float const , float, float)",9,"dram_write_transactions","Device Memory Write Transactions",925777,6148661,1524222
"GeForce GTX 1080 Ti (0)","void gemv2T_kernel_val<int, int, float, float, float, int=128, int=16, int=2, int=2, bool=0, cublasGemvParams<cublasGemvTensor<float const >, cublasGemvTensor<float>, float>>(float const , float, float)",9,"flop_count_dp","Floating Point Operations(Double Precision)",0,0,0
"GeForce GTX 1080 Ti (0)","void gemv2T_kernel_val<int, int, float, float, float, int=128, int=16, int=2, int=2, bool=0, cublasGemvParams<cublasGemvTensor<float const >, cublasGemvTensor<float>, float>>(float const , float, float)",9,"flop_count_sp","Floating Point Operations(Single Precision)",445495788,476662160,473199229
"GeForce GTX 1080 Ti (0)","void gemv2T_kernel_val<int, int, float, float, float, int=128, int=16, int=2, int=2, bool=0, cublasGemvParams<cublasGemvTensor<float const >, cublasGemvTensor<float>, float>>(float const , float, float)",9,"flop_count_hp","Floating Point Operations(Half Precision)",0,0,0
"GeForce GTX 1080 Ti (0)","_ZN2at6native27unrolled_elementwise_kernelIZZZNS0_21copy_device_to_deviceERNS_14TensorIteratorEbENKUlvE0_clEvENKUlvE4_clEvEUldE_NS_6detail5ArrayIPcLi2EEE23TrivialOffsetCalculatorILi1EjESC_NS0_6memory12LoadWithCastILi1EEENSD_13StoreWithCastEEEviT_T0_T1_T2_T3_T4_",1,"dram_read_transactions","Device Memory Read Transactions",319,319,319
"GeForce GTX 1080 Ti (0)","_ZN2at6native27unrolled_elementwise_kernelIZZZNS0_21copy_device_to_deviceERNS_14TensorIteratorEbENKUlvE0_clEvENKUlvE4_clEvEUldE_NS_6detail5ArrayIPcLi2EEE23TrivialOffsetCalculatorILi1EjESC_NS0_6memory12LoadWithCastILi1EEENSD_13StoreWithCastEEEviT_T0_T1_T2_T3_T4_",1,"dram_write_transactions","Device Memory Write Transactions",545,545,545
"GeForce GTX 1080 Ti (0)","_ZN2at6native27unrolled_elementwise_kernelIZZZNS0_21copy_device_to_deviceERNS_14TensorIteratorEbENKUlvE0_clEvENKUlvE4_clEvEUldE_NS_6detail5ArrayIPcLi2EEE23TrivialOffsetCalculatorILi1EjESC_NS0_6memory12LoadWithCastILi1EEENSD_13StoreWithCastEEEviT_T0_T1_T2_T3_T4_",1,"flop_count_dp","Floating Point Operations(Double Precision)",0,0,0
"GeForce GTX 1080 Ti (0)","_ZN2at6native27unrolled_elementwise_kernelIZZZNS0_21copy_device_to_deviceERNS_14TensorIteratorEbENKUlvE0_clEvENKUlvE4_clEvEUldE_NS_6detail5ArrayIPcLi2EEE23TrivialOffsetCalculatorILi1EjESC_NS0_6memory12LoadWithCastILi1EEENSD_13StoreWithCastEEEviT_T0_T1_T2_T3_T4_",1,"flop_count_sp","Floating Point Operations(Single Precision)",0,0,0
"GeForce GTX 1080 Ti (0)","_ZN2at6native27unrolled_elementwise_kernelIZZZNS0_21copy_device_to_deviceERNS_14TensorIteratorEbENKUlvE0_clEvENKUlvE4_clEvEUldE_NS_6detail5ArrayIPcLi2EEE23TrivialOffsetCalculatorILi1EjESC_NS0_6memory12LoadWithCastILi1EEENSD_13StoreWithCastEEEviT_T0_T1_T2_T3_T4_",1,"flop_count_hp","Floating Point Operations(Half Precision)",0,0,0
"GeForce GTX 1080 Ti (0)","void at::native::_GLOBAL__N__52_tmpxft_00004a66_00000000_11_Shape_compute_75_cpp1_ii_cedd8df2::CatArrayBatchedCopy<float, unsigned int, int=2, int=128, int=1>(float*, at::native::_GLOBAL__N__52_tmpxft_00004a66_00000000_11_Shape_compute_75_cpp1_ii_cedd8df2::CatArrInputTensorMetadata<at::native::_GLOBAL__N__52_tmpxft_00004a66_00000000_11_Shape_compute_75_cpp1_ii_cedd8df2::CatArrayBatchedCopy<float, unsigned int, int=2, int=128, int=1>, unsigned int, int=128, int=1>, at::native::_GLOBAL__N__52_tmpxft_00004a66_00000000_11_Shape_compute_75_cpp1_ii_cedd8df2::TensorSizeStride<at::native::_GLOBAL__N__52_tmpxft_00004a66_00000000_11_Shape_compute_75_cpp1_ii_cedd8df2::CatArrInputTensorMetadata, unsigned int=4>, int, at::native::_GLOBAL__N__52_tmpxft_00004a66_00000000_11_Shape_compute_75_cpp1_ii_cedd8df2::CatArrInputTensorMetadata)",10,"dram_read_transactions","Device Memory Read Transactions",21202,14666826,13018757
"GeForce GTX 1080 Ti (0)","void at::native::_GLOBAL__N__52_tmpxft_00004a66_00000000_11_Shape_compute_75_cpp1_ii_cedd8df2::CatArrayBatchedCopy<float, unsigned int, int=2, int=128, int=1>(float*, at::native::_GLOBAL__N__52_tmpxft_00004a66_00000000_11_Shape_compute_75_cpp1_ii_cedd8df2::CatArrInputTensorMetadata<at::native::_GLOBAL__N__52_tmpxft_00004a66_00000000_11_Shape_compute_75_cpp1_ii_cedd8df2::CatArrayBatchedCopy<float, unsigned int, int=2, int=128, int=1>, unsigned int, int=128, int=1>, at::native::_GLOBAL__N__52_tmpxft_00004a66_00000000_11_Shape_compute_75_cpp1_ii_cedd8df2::TensorSizeStride<at::native::_GLOBAL__N__52_tmpxft_00004a66_00000000_11_Shape_compute_75_cpp1_ii_cedd8df2::CatArrInputTensorMetadata, unsigned int=4>, int, at::native::_GLOBAL__N__52_tmpxft_00004a66_00000000_11_Shape_compute_75_cpp1_ii_cedd8df2::CatArrInputTensorMetadata)",10,"dram_write_transactions","Device Memory Write Transactions",0,44015885,16138652
"GeForce GTX 1080 Ti (0)","void at::native::_GLOBAL__N__52_tmpxft_00004a66_00000000_11_Shape_compute_75_cpp1_ii_cedd8df2::CatArrayBatchedCopy<float, unsigned int, int=2, int=128, int=1>(float*, at::native::_GLOBAL__N__52_tmpxft_00004a66_00000000_11_Shape_compute_75_cpp1_ii_cedd8df2::CatArrInputTensorMetadata<at::native::_GLOBAL__N__52_tmpxft_00004a66_00000000_11_Shape_compute_75_cpp1_ii_cedd8df2::CatArrayBatchedCopy<float, unsigned int, int=2, int=128, int=1>, unsigned int, int=128, int=1>, at::native::_GLOBAL__N__52_tmpxft_00004a66_00000000_11_Shape_compute_75_cpp1_ii_cedd8df2::TensorSizeStride<at::native::_GLOBAL__N__52_tmpxft_00004a66_00000000_11_Shape_compute_75_cpp1_ii_cedd8df2::CatArrInputTensorMetadata, unsigned int=4>, int, at::native::_GLOBAL__N__52_tmpxft_00004a66_00000000_11_Shape_compute_75_cpp1_ii_cedd8df2::CatArrInputTensorMetadata)",10,"flop_count_dp","Floating Point Operations(Double Precision)",0,0,0
"GeForce GTX 1080 Ti (0)","void at::native::_GLOBAL__N__52_tmpxft_00004a66_00000000_11_Shape_compute_75_cpp1_ii_cedd8df2::CatArrayBatchedCopy<float, unsigned int, int=2, int=128, int=1>(float*, at::native::_GLOBAL__N__52_tmpxft_00004a66_00000000_11_Shape_compute_75_cpp1_ii_cedd8df2::CatArrInputTensorMetadata<at::native::_GLOBAL__N__52_tmpxft_00004a66_00000000_11_Shape_compute_75_cpp1_ii_cedd8df2::CatArrayBatchedCopy<float, unsigned int, int=2, int=128, int=1>, unsigned int, int=128, int=1>, at::native::_GLOBAL__N__52_tmpxft_00004a66_00000000_11_Shape_compute_75_cpp1_ii_cedd8df2::TensorSizeStride<at::native::_GLOBAL__N__52_tmpxft_00004a66_00000000_11_Shape_compute_75_cpp1_ii_cedd8df2::CatArrInputTensorMetadata, unsigned int=4>, int, at::native::_GLOBAL__N__52_tmpxft_00004a66_00000000_11_Shape_compute_75_cpp1_ii_cedd8df2::CatArrInputTensorMetadata)",10,"flop_count_sp","Floating Point Operations(Single Precision)",0,0,0
"GeForce GTX 1080 Ti (0)","void at::native::_GLOBAL__N__52_tmpxft_00004a66_00000000_11_Shape_compute_75_cpp1_ii_cedd8df2::CatArrayBatchedCopy<float, unsigned int, int=2, int=128, int=1>(float*, at::native::_GLOBAL__N__52_tmpxft_00004a66_00000000_11_Shape_compute_75_cpp1_ii_cedd8df2::CatArrInputTensorMetadata<at::native::_GLOBAL__N__52_tmpxft_00004a66_00000000_11_Shape_compute_75_cpp1_ii_cedd8df2::CatArrayBatchedCopy<float, unsigned int, int=2, int=128, int=1>, unsigned int, int=128, int=1>, at::native::_GLOBAL__N__52_tmpxft_00004a66_00000000_11_Shape_compute_75_cpp1_ii_cedd8df2::TensorSizeStride<at::native::_GLOBAL__N__52_tmpxft_00004a66_00000000_11_Shape_compute_75_cpp1_ii_cedd8df2::CatArrInputTensorMetadata, unsigned int=4>, int, at::native::_GLOBAL__N__52_tmpxft_00004a66_00000000_11_Shape_compute_75_cpp1_ii_cedd8df2::CatArrInputTensorMetadata)",10,"flop_count_hp","Floating Point Operations(Half Precision)",0,0,0
"GeForce GTX 1080 Ti (0)","void at::native::vectorized_elementwise_kernel<int=4, at::native::CompareEqFunctor<long>, at::detail::Array<char*, int=3>>(int, long, at::native::CompareEqFunctor<long>)",1,"dram_read_transactions","Device Memory Read Transactions",189,189,189
"GeForce GTX 1080 Ti (0)","void at::native::vectorized_elementwise_kernel<int=4, at::native::CompareEqFunctor<long>, at::detail::Array<char*, int=3>>(int, long, at::native::CompareEqFunctor<long>)",1,"dram_write_transactions","Device Memory Write Transactions",586,586,586
"GeForce GTX 1080 Ti (0)","void at::native::vectorized_elementwise_kernel<int=4, at::native::CompareEqFunctor<long>, at::detail::Array<char*, int=3>>(int, long, at::native::CompareEqFunctor<long>)",1,"flop_count_dp","Floating Point Operations(Double Precision)",0,0,0
"GeForce GTX 1080 Ti (0)","void at::native::vectorized_elementwise_kernel<int=4, at::native::CompareEqFunctor<long>, at::detail::Array<char*, int=3>>(int, long, at::native::CompareEqFunctor<long>)",1,"flop_count_sp","Floating Point Operations(Single Precision)",0,0,0
"GeForce GTX 1080 Ti (0)","void at::native::vectorized_elementwise_kernel<int=4, at::native::CompareEqFunctor<long>, at::detail::Array<char*, int=3>>(int, long, at::native::CompareEqFunctor<long>)",1,"flop_count_hp","Floating Point Operations(Half Precision)",0,0,0
